[25Nov2024 15:28:44.990] [main/INFO] [cpw.mods.modlauncher.Launcher/MODLAUNCHER]: ModLauncher running: args [--launchTarget, forgeserver, --fml.forgeVersion, 40.2.0, --fml.mcVersion, 1.18.2, --fml.forgeGroup, net.minecraftforge, --fml.mcpVersion, 20220404.173914]
[25Nov2024 15:28:44.994] [main/INFO] [cpw.mods.modlauncher.Launcher/MODLAUNCHER]: ModLauncher 9.1.3+9.1.3+main.9b69c82a starting: java version 21.0.4 by Microsoft
[25Nov2024 15:28:45.012] [main/DEBUG] [cpw.mods.modlauncher.LaunchServiceHandler/MODLAUNCHER]: Found launch services [fmlclientdev,forgeclient,minecraft,forgegametestserverdev,fmlserveruserdev,fmlclient,fmldatauserdev,forgeserverdev,forgeserveruserdev,forgeclientdev,forgeclientuserdev,forgeserver,forgedatadev,fmlserver,fmlclientuserdev,fmlserverdev,forgedatauserdev,testharness,forgegametestserveruserdev]
[25Nov2024 15:28:45.032] [main/DEBUG] [cpw.mods.modlauncher.NameMappingServiceHandler/MODLAUNCHER]: Found naming services : [srgtomcp]
[25Nov2024 15:28:45.051] [main/DEBUG] [cpw.mods.modlauncher.LaunchPluginHandler/MODLAUNCHER]: Found launch plugins: [mixin,eventbus,slf4jfixer,object_holder_definalize,runtime_enum_extender,capability_token_subclass,accesstransformer,runtimedistcleaner]
[25Nov2024 15:28:45.063] [main/DEBUG] [cpw.mods.modlauncher.TransformationServicesHandler/MODLAUNCHER]: Discovering transformation services
[25Nov2024 15:28:45.267] [main/ERROR] [net.minecraftforge.fml.loading.ModDirTransformerDiscoverer/]: Zip Error when loading jar file /workspaces/server/servidor_minecraft/mods/blue_skies-1.18.2-1.3.12.jar
java.util.zip.ZipException: zip END header not found
	at java.util.zip.ZipFile$Source.findEND(ZipFile.java:1649) ~[?:?]
	at java.util.zip.ZipFile$Source.initCEN(ZipFile.java:1657) ~[?:?]
	at java.util.zip.ZipFile$Source.<init>(ZipFile.java:1495) ~[?:?]
	at java.util.zip.ZipFile$Source.get(ZipFile.java:1458) ~[?:?]
	at java.util.zip.ZipFile$CleanableResource.<init>(ZipFile.java:724) ~[?:?]
	at java.util.zip.ZipFile.<init>(ZipFile.java:251) ~[?:?]
	at java.util.zip.ZipFile.<init>(ZipFile.java:180) ~[?:?]
	at java.util.zip.ZipFile.<init>(ZipFile.java:194) ~[?:?]
	at net.minecraftforge.fml.loading.ModDirTransformerDiscoverer.visitFile(ModDirTransformerDiscoverer.java:51) ~[fmlloader-1.18.2-40.2.0.jar%2317!/:1.0]
	at java.util.stream.ForEachOps$ForEachOp$OfRef.accept(ForEachOps.java:184) ~[?:?]
	at java.util.stream.ReferencePipeline$3$1.accept(ReferencePipeline.java:197) ~[?:?]
	at java.util.Iterator.forEachRemaining(Iterator.java:133) ~[?:?]
	at java.util.Spliterators$IteratorSpliterator.forEachRemaining(Spliterators.java:1939) ~[?:?]
	at java.util.stream.AbstractPipeline.copyInto(AbstractPipeline.java:509) ~[?:?]
	at java.util.stream.AbstractPipeline.wrapAndCopyInto(AbstractPipeline.java:499) ~[?:?]
	at java.util.stream.ForEachOps$ForEachOp.evaluateSequential(ForEachOps.java:151) ~[?:?]
	at java.util.stream.ForEachOps$ForEachOp$OfRef.evaluateSequential(ForEachOps.java:174) ~[?:?]
	at java.util.stream.AbstractPipeline.evaluate(AbstractPipeline.java:234) ~[?:?]
	at java.util.stream.ReferencePipeline.forEach(ReferencePipeline.java:596) ~[?:?]
	at net.minecraftforge.fml.loading.ModDirTransformerDiscoverer.scan(ModDirTransformerDiscoverer.java:41) ~[fmlloader-1.18.2-40.2.0.jar%2317!/:1.0]
	at net.minecraftforge.fml.loading.ModDirTransformerDiscoverer.candidates(ModDirTransformerDiscoverer.java:24) ~[fmlloader-1.18.2-40.2.0.jar%2317!/:1.0]
	at cpw.mods.modlauncher.serviceapi.ITransformerDiscoveryService.candidates(ITransformerDiscoveryService.java:48) ~[modlauncher-9.1.3.jar%235!/:9.1.3+9.1.3+main.9b69c82a]
	at cpw.mods.modlauncher.TransformationServicesHandler.lambda$discoverServices$14(TransformationServicesHandler.java:123) ~[modlauncher-9.1.3.jar%235!/:?]
	at java.util.stream.ReferencePipeline$3$1.accept(ReferencePipeline.java:197) [?:?]
	at java.util.stream.ReferencePipeline$2$1.accept(ReferencePipeline.java:179) [?:?]
	at java.util.stream.ReferencePipeline$3$1.accept(ReferencePipeline.java:197) [?:?]
	at java.util.ServiceLoader$ProviderSpliterator.tryAdvance(ServiceLoader.java:1499) [?:?]
	at java.util.Spliterator.forEachRemaining(Spliterator.java:332) [?:?]
	at java.util.stream.AbstractPipeline.copyInto(AbstractPipeline.java:509) [?:?]
	at java.util.stream.AbstractPipeline.wrapAndCopyInto(AbstractPipeline.java:499) [?:?]
	at java.util.stream.AbstractPipeline.evaluate(AbstractPipeline.java:575) [?:?]
	at java.util.stream.AbstractPipeline.evaluateToArrayNode(AbstractPipeline.java:260) [?:?]
	at java.util.stream.ReferencePipeline.toArray(ReferencePipeline.java:616) [?:?]
	at java.util.stream.ReferencePipeline.toArray(ReferencePipeline.java:622) [?:?]
	at java.util.stream.ReferencePipeline.toList(ReferencePipeline.java:627) [?:?]
	at cpw.mods.modlauncher.TransformationServicesHandler.discoverServices(TransformationServicesHandler.java:125) [modlauncher-9.1.3.jar%235!/:?]
	at cpw.mods.modlauncher.Launcher.run(Launcher.java:86) [modlauncher-9.1.3.jar%235!/:?]
	at cpw.mods.modlauncher.Launcher.main(Launcher.java:77) [modlauncher-9.1.3.jar%235!/:?]
	at cpw.mods.modlauncher.BootstrapLaunchConsumer.accept(BootstrapLaunchConsumer.java:26) [modlauncher-9.1.3.jar%235!/:?]
	at cpw.mods.modlauncher.BootstrapLaunchConsumer.accept(BootstrapLaunchConsumer.java:23) [modlauncher-9.1.3.jar%235!/:?]
	at cpw.mods.bootstraplauncher.BootstrapLauncher.main(BootstrapLauncher.java:149) [bootstraplauncher-1.0.0.jar:?]
[25Nov2024 15:28:47.352] [main/ERROR] [net.minecraftforge.fml.loading.ModDirTransformerDiscoverer/]: Zip Error when loading jar file /workspaces/server/servidor_minecraft/mods/dannys_expansion-1.2.6.jar
java.util.zip.ZipException: zip END header not found
	at java.util.zip.ZipFile$Source.findEND(ZipFile.java:1649) ~[?:?]
	at java.util.zip.ZipFile$Source.initCEN(ZipFile.java:1657) ~[?:?]
	at java.util.zip.ZipFile$Source.<init>(ZipFile.java:1495) ~[?:?]
	at java.util.zip.ZipFile$Source.get(ZipFile.java:1458) ~[?:?]
	at java.util.zip.ZipFile$CleanableResource.<init>(ZipFile.java:724) ~[?:?]
	at java.util.zip.ZipFile.<init>(ZipFile.java:251) ~[?:?]
	at java.util.zip.ZipFile.<init>(ZipFile.java:180) ~[?:?]
	at java.util.zip.ZipFile.<init>(ZipFile.java:194) ~[?:?]
	at net.minecraftforge.fml.loading.ModDirTransformerDiscoverer.visitFile(ModDirTransformerDiscoverer.java:51) ~[fmlloader-1.18.2-40.2.0.jar%2317!/:1.0]
	at java.util.stream.ForEachOps$ForEachOp$OfRef.accept(ForEachOps.java:184) ~[?:?]
	at java.util.stream.ReferencePipeline$3$1.accept(ReferencePipeline.java:197) ~[?:?]
	at java.util.Iterator.forEachRemaining(Iterator.java:133) ~[?:?]
	at java.util.Spliterators$IteratorSpliterator.forEachRemaining(Spliterators.java:1939) ~[?:?]
	at java.util.stream.AbstractPipeline.copyInto(AbstractPipeline.java:509) ~[?:?]
	at java.util.stream.AbstractPipeline.wrapAndCopyInto(AbstractPipeline.java:499) ~[?:?]
	at java.util.stream.ForEachOps$ForEachOp.evaluateSequential(ForEachOps.java:151) ~[?:?]
	at java.util.stream.ForEachOps$ForEachOp$OfRef.evaluateSequential(ForEachOps.java:174) ~[?:?]
	at java.util.stream.AbstractPipeline.evaluate(AbstractPipeline.java:234) ~[?:?]
	at java.util.stream.ReferencePipeline.forEach(ReferencePipeline.java:596) ~[?:?]
	at net.minecraftforge.fml.loading.ModDirTransformerDiscoverer.scan(ModDirTransformerDiscoverer.java:41) ~[fmlloader-1.18.2-40.2.0.jar%2317!/:1.0]
	at net.minecraftforge.fml.loading.ModDirTransformerDiscoverer.candidates(ModDirTransformerDiscoverer.java:24) ~[fmlloader-1.18.2-40.2.0.jar%2317!/:1.0]
	at cpw.mods.modlauncher.serviceapi.ITransformerDiscoveryService.candidates(ITransformerDiscoveryService.java:48) ~[modlauncher-9.1.3.jar%235!/:9.1.3+9.1.3+main.9b69c82a]
	at cpw.mods.modlauncher.TransformationServicesHandler.lambda$discoverServices$14(TransformationServicesHandler.java:123) ~[modlauncher-9.1.3.jar%235!/:?]
	at java.util.stream.ReferencePipeline$3$1.accept(ReferencePipeline.java:197) [?:?]
	at java.util.stream.ReferencePipeline$2$1.accept(ReferencePipeline.java:179) [?:?]
	at java.util.stream.ReferencePipeline$3$1.accept(ReferencePipeline.java:197) [?:?]
	at java.util.ServiceLoader$ProviderSpliterator.tryAdvance(ServiceLoader.java:1499) [?:?]
	at java.util.Spliterator.forEachRemaining(Spliterator.java:332) [?:?]
	at java.util.stream.AbstractPipeline.copyInto(AbstractPipeline.java:509) [?:?]
	at java.util.stream.AbstractPipeline.wrapAndCopyInto(AbstractPipeline.java:499) [?:?]
	at java.util.stream.AbstractPipeline.evaluate(AbstractPipeline.java:575) [?:?]
	at java.util.stream.AbstractPipeline.evaluateToArrayNode(AbstractPipeline.java:260) [?:?]
	at java.util.stream.ReferencePipeline.toArray(ReferencePipeline.java:616) [?:?]
	at java.util.stream.ReferencePipeline.toArray(ReferencePipeline.java:622) [?:?]
	at java.util.stream.ReferencePipeline.toList(ReferencePipeline.java:627) [?:?]
	at cpw.mods.modlauncher.TransformationServicesHandler.discoverServices(TransformationServicesHandler.java:125) [modlauncher-9.1.3.jar%235!/:?]
	at cpw.mods.modlauncher.Launcher.run(Launcher.java:86) [modlauncher-9.1.3.jar%235!/:?]
	at cpw.mods.modlauncher.Launcher.main(Launcher.java:77) [modlauncher-9.1.3.jar%235!/:?]
	at cpw.mods.modlauncher.BootstrapLaunchConsumer.accept(BootstrapLaunchConsumer.java:26) [modlauncher-9.1.3.jar%235!/:?]
	at cpw.mods.modlauncher.BootstrapLaunchConsumer.accept(BootstrapLaunchConsumer.java:23) [modlauncher-9.1.3.jar%235!/:?]
	at cpw.mods.bootstraplauncher.BootstrapLauncher.main(BootstrapLauncher.java:149) [bootstraplauncher-1.0.0.jar:?]
[25Nov2024 15:28:47.982] [main/ERROR] [net.minecraftforge.fml.loading.ModDirTransformerDiscoverer/]: Zip Error when loading jar file /workspaces/server/servidor_minecraft/mods/BrassAmberBattleTowers-1.18.2-2.3.12.jar
java.util.zip.ZipException: zip END header not found
	at java.util.zip.ZipFile$Source.findEND(ZipFile.java:1649) ~[?:?]
	at java.util.zip.ZipFile$Source.initCEN(ZipFile.java:1657) ~[?:?]
	at java.util.zip.ZipFile$Source.<init>(ZipFile.java:1495) ~[?:?]
	at java.util.zip.ZipFile$Source.get(ZipFile.java:1458) ~[?:?]
	at java.util.zip.ZipFile$CleanableResource.<init>(ZipFile.java:724) ~[?:?]
	at java.util.zip.ZipFile.<init>(ZipFile.java:251) ~[?:?]
	at java.util.zip.ZipFile.<init>(ZipFile.java:180) ~[?:?]
	at java.util.zip.ZipFile.<init>(ZipFile.java:194) ~[?:?]
	at net.minecraftforge.fml.loading.ModDirTransformerDiscoverer.visitFile(ModDirTransformerDiscoverer.java:51) ~[fmlloader-1.18.2-40.2.0.jar%2317!/:1.0]
	at java.util.stream.ForEachOps$ForEachOp$OfRef.accept(ForEachOps.java:184) ~[?:?]
	at java.util.stream.ReferencePipeline$3$1.accept(ReferencePipeline.java:197) ~[?:?]
	at java.util.Iterator.forEachRemaining(Iterator.java:133) ~[?:?]
	at java.util.Spliterators$IteratorSpliterator.forEachRemaining(Spliterators.java:1939) ~[?:?]
	at java.util.stream.AbstractPipeline.copyInto(AbstractPipeline.java:509) ~[?:?]
	at java.util.stream.AbstractPipeline.wrapAndCopyInto(AbstractPipeline.java:499) ~[?:?]
	at java.util.stream.ForEachOps$ForEachOp.evaluateSequential(ForEachOps.java:151) ~[?:?]
	at java.util.stream.ForEachOps$ForEachOp$OfRef.evaluateSequential(ForEachOps.java:174) ~[?:?]
	at java.util.stream.AbstractPipeline.evaluate(AbstractPipeline.java:234) ~[?:?]
	at java.util.stream.ReferencePipeline.forEach(ReferencePipeline.java:596) ~[?:?]
	at net.minecraftforge.fml.loading.ModDirTransformerDiscoverer.scan(ModDirTransformerDiscoverer.java:41) ~[fmlloader-1.18.2-40.2.0.jar%2317!/:1.0]
	at net.minecraftforge.fml.loading.ModDirTransformerDiscoverer.candidates(ModDirTransformerDiscoverer.java:24) ~[fmlloader-1.18.2-40.2.0.jar%2317!/:1.0]
	at cpw.mods.modlauncher.serviceapi.ITransformerDiscoveryService.candidates(ITransformerDiscoveryService.java:48) ~[modlauncher-9.1.3.jar%235!/:9.1.3+9.1.3+main.9b69c82a]
	at cpw.mods.modlauncher.TransformationServicesHandler.lambda$discoverServices$14(TransformationServicesHandler.java:123) ~[modlauncher-9.1.3.jar%235!/:?]
	at java.util.stream.ReferencePipeline$3$1.accept(ReferencePipeline.java:197) [?:?]
	at java.util.stream.ReferencePipeline$2$1.accept(ReferencePipeline.java:179) [?:?]
	at java.util.stream.ReferencePipeline$3$1.accept(ReferencePipeline.java:197) [?:?]
	at java.util.ServiceLoader$ProviderSpliterator.tryAdvance(ServiceLoader.java:1499) [?:?]
	at java.util.Spliterator.forEachRemaining(Spliterator.java:332) [?:?]
	at java.util.stream.AbstractPipeline.copyInto(AbstractPipeline.java:509) [?:?]
	at java.util.stream.AbstractPipeline.wrapAndCopyInto(AbstractPipeline.java:499) [?:?]
	at java.util.stream.AbstractPipeline.evaluate(AbstractPipeline.java:575) [?:?]
	at java.util.stream.AbstractPipeline.evaluateToArrayNode(AbstractPipeline.java:260) [?:?]
	at java.util.stream.ReferencePipeline.toArray(ReferencePipeline.java:616) [?:?]
	at java.util.stream.ReferencePipeline.toArray(ReferencePipeline.java:622) [?:?]
	at java.util.stream.ReferencePipeline.toList(ReferencePipeline.java:627) [?:?]
	at cpw.mods.modlauncher.TransformationServicesHandler.discoverServices(TransformationServicesHandler.java:125) [modlauncher-9.1.3.jar%235!/:?]
	at cpw.mods.modlauncher.Launcher.run(Launcher.java:86) [modlauncher-9.1.3.jar%235!/:?]
	at cpw.mods.modlauncher.Launcher.main(Launcher.java:77) [modlauncher-9.1.3.jar%235!/:?]
	at cpw.mods.modlauncher.BootstrapLaunchConsumer.accept(BootstrapLaunchConsumer.java:26) [modlauncher-9.1.3.jar%235!/:?]
	at cpw.mods.modlauncher.BootstrapLaunchConsumer.accept(BootstrapLaunchConsumer.java:23) [modlauncher-9.1.3.jar%235!/:?]
	at cpw.mods.bootstraplauncher.BootstrapLauncher.main(BootstrapLauncher.java:149) [bootstraplauncher-1.0.0.jar:?]
[25Nov2024 15:28:48.025] [main/DEBUG] [cpw.mods.modlauncher.TransformationServicesHandler/MODLAUNCHER]: Found additional transformation services from discovery services: java.util.stream.ReferencePipeline$3@2320fa6f
[25Nov2024 15:28:48.039] [main/DEBUG] [cpw.mods.modlauncher.TransformationServicesHandler/MODLAUNCHER]: Found transformer services : [mixin,fml,Dawncraft Fixes]
[25Nov2024 15:28:48.039] [main/DEBUG] [cpw.mods.modlauncher.TransformationServicesHandler/MODLAUNCHER]: Transformation services loading
[25Nov2024 15:28:48.039] [main/DEBUG] [cpw.mods.modlauncher.TransformationServiceDecorator/MODLAUNCHER]: Loading service mixin
[25Nov2024 15:28:48.040] [main/DEBUG] [cpw.mods.modlauncher.TransformationServiceDecorator/MODLAUNCHER]: Loaded service mixin
[25Nov2024 15:28:48.040] [main/DEBUG] [cpw.mods.modlauncher.TransformationServiceDecorator/MODLAUNCHER]: Loading service fml
[25Nov2024 15:28:48.042] [main/DEBUG] [net.minecraftforge.fml.loading.LauncherVersion/CORE]: Found FMLLauncher version 1.0
[25Nov2024 15:28:48.042] [main/DEBUG] [net.minecraftforge.fml.loading.FMLLoader/CORE]: FML 1.0 loading
[25Nov2024 15:28:48.042] [main/DEBUG] [net.minecraftforge.fml.loading.FMLLoader/CORE]: FML found ModLauncher version : 9.1.3+9.1.3+main.9b69c82a
[25Nov2024 15:28:48.043] [main/DEBUG] [net.minecraftforge.fml.loading.FMLLoader/CORE]: FML found AccessTransformer version : 8.0.4+66+master.c09db6d7
[25Nov2024 15:28:48.043] [main/DEBUG] [net.minecraftforge.fml.loading.FMLLoader/CORE]: FML found EventBus version : 5.0.3+70+master.d7d405b
[25Nov2024 15:28:48.043] [main/DEBUG] [net.minecraftforge.fml.loading.FMLLoader/CORE]: Found Runtime Dist Cleaner
[25Nov2024 15:28:48.044] [main/DEBUG] [net.minecraftforge.fml.loading.FMLLoader/CORE]: FML found CoreMod version : 5.0.1+15+master.dc5a2922
[25Nov2024 15:28:48.045] [main/DEBUG] [net.minecraftforge.fml.loading.FMLLoader/CORE]: Found ForgeSPI package implementation version 4.0.15-4.x+4.0.15-4.x+4.x.038e91c0
[25Nov2024 15:28:48.045] [main/DEBUG] [net.minecraftforge.fml.loading.FMLLoader/CORE]: Found ForgeSPI package specification 4
[25Nov2024 15:28:48.047] [main/DEBUG] [cpw.mods.modlauncher.TransformationServiceDecorator/MODLAUNCHER]: Loaded service fml
[25Nov2024 15:28:48.047] [main/DEBUG] [cpw.mods.modlauncher.TransformationServiceDecorator/MODLAUNCHER]: Loading service Dawncraft Fixes
[25Nov2024 15:28:48.047] [main/DEBUG] [cpw.mods.modlauncher.TransformationServiceDecorator/MODLAUNCHER]: Loaded service Dawncraft Fixes
[25Nov2024 15:28:48.049] [main/DEBUG] [cpw.mods.modlauncher.TransformationServicesHandler/MODLAUNCHER]: Configuring option handling for services
[25Nov2024 15:28:48.058] [main/DEBUG] [cpw.mods.modlauncher.TransformationServicesHandler/MODLAUNCHER]: Transformation services initializing
[25Nov2024 15:28:48.059] [main/DEBUG] [cpw.mods.modlauncher.TransformationServiceDecorator/MODLAUNCHER]: Initializing transformation service mixin
[25Nov2024 15:28:48.082] [main/DEBUG] [mixin/]: MixinService [ModLauncher] was successfully booted in cpw.mods.cl.ModuleClassLoader@6e06451e
[25Nov2024 15:28:48.110] [main/INFO] [mixin/]: SpongePowered MIXIN Subsystem Version=0.8.5 Source=union:/workspaces/server/servidor_minecraft/libraries/org/spongepowered/mixin/0.8.5/mixin-0.8.5.jar%2314!/ Service=ModLauncher Env=SERVER
[25Nov2024 15:28:48.114] [main/DEBUG] [mixin/]: Initialising Mixin Platform Manager
[25Nov2024 15:28:48.115] [main/DEBUG] [mixin/]: Adding mixin platform agents for container ModLauncher Root Container(ModLauncher:4f56a0a2)
[25Nov2024 15:28:48.115] [main/DEBUG] [mixin/]: Instancing new MixinPlatformAgentMinecraftForge for ModLauncher Root Container(ModLauncher:4f56a0a2)
[25Nov2024 15:28:48.116] [main/DEBUG] [mixin/]: MixinPlatformAgentMinecraftForge rejected container ModLauncher Root Container(ModLauncher:4f56a0a2)
[25Nov2024 15:28:48.116] [main/DEBUG] [mixin/]: Instancing new MixinPlatformAgentDefault for ModLauncher Root Container(ModLauncher:4f56a0a2)
[25Nov2024 15:28:48.117] [main/DEBUG] [mixin/]: MixinPlatformAgentDefault accepted container ModLauncher Root Container(ModLauncher:4f56a0a2)
[25Nov2024 15:28:48.122] [main/DEBUG] [cpw.mods.modlauncher.TransformationServiceDecorator/MODLAUNCHER]: Initialized transformation service mixin
[25Nov2024 15:28:48.122] [main/DEBUG] [cpw.mods.modlauncher.TransformationServiceDecorator/MODLAUNCHER]: Initializing transformation service fml
[25Nov2024 15:28:48.123] [main/DEBUG] [net.minecraftforge.fml.loading.FMLServiceProvider/CORE]: Setting up basic FML game directories
[25Nov2024 15:28:48.124] [main/DEBUG] [net.minecraftforge.fml.loading.FileUtils/CORE]: Found existing GAMEDIR directory : /workspaces/server/servidor_minecraft
[25Nov2024 15:28:48.124] [main/DEBUG] [net.minecraftforge.fml.loading.FMLPaths/CORE]: Path GAMEDIR is /workspaces/server/servidor_minecraft
[25Nov2024 15:28:48.125] [main/DEBUG] [net.minecraftforge.fml.loading.FileUtils/CORE]: Found existing MODSDIR directory : /workspaces/server/servidor_minecraft/mods
[25Nov2024 15:28:48.125] [main/DEBUG] [net.minecraftforge.fml.loading.FMLPaths/CORE]: Path MODSDIR is /workspaces/server/servidor_minecraft/mods
[25Nov2024 15:28:48.125] [main/DEBUG] [net.minecraftforge.fml.loading.FileUtils/CORE]: Found existing CONFIGDIR directory : /workspaces/server/servidor_minecraft/config
[25Nov2024 15:28:48.125] [main/DEBUG] [net.minecraftforge.fml.loading.FMLPaths/CORE]: Path CONFIGDIR is /workspaces/server/servidor_minecraft/config
[25Nov2024 15:28:48.125] [main/DEBUG] [net.minecraftforge.fml.loading.FMLPaths/CORE]: Path FMLCONFIG is /workspaces/server/servidor_minecraft/config/fml.toml
[25Nov2024 15:28:48.126] [main/DEBUG] [net.minecraftforge.fml.loading.FMLServiceProvider/CORE]: Loading configuration
[25Nov2024 15:28:48.159] [main/WARN] [net.minecraftforge.fml.loading.FMLConfig/CORE]: Configuration file /workspaces/server/servidor_minecraft/config/fml.toml is not correct. Correcting
[25Nov2024 15:28:48.165] [main/WARN] [net.minecraftforge.fml.loading.FMLConfig/CORE]: Incorrect key [defaultConfigPath] was corrected from null to defaultconfigs
[25Nov2024 15:28:48.167] [main/WARN] [net.minecraftforge.fml.loading.FMLConfig/CORE]: Incorrect key [maxThreads] was corrected from null to -1
[25Nov2024 15:28:48.173] [main/DEBUG] [net.minecraftforge.fml.loading.FileUtils/CORE]: Found existing default config directory directory : /workspaces/server/servidor_minecraft/defaultconfigs
[25Nov2024 15:28:48.173] [main/DEBUG] [net.minecraftforge.fml.loading.FMLServiceProvider/CORE]: Preparing ModFile
[25Nov2024 15:28:48.178] [main/DEBUG] [net.minecraftforge.fml.loading.FMLServiceProvider/CORE]: Preparing launch handler
[25Nov2024 15:28:48.178] [main/DEBUG] [net.minecraftforge.fml.loading.FMLLoader/CORE]: Using forgeserver as launch service
[25Nov2024 15:28:48.200] [main/DEBUG] [net.minecraftforge.fml.loading.FMLLoader/CORE]: Received command line version data  : VersionInfo[forgeVersion=40.2.0, mcVersion=1.18.2, mcpVersion=20220404.173914, forgeGroup=net.minecraftforge]
[25Nov2024 15:28:48.201] [main/DEBUG] [cpw.mods.modlauncher.TransformationServiceDecorator/MODLAUNCHER]: Initialized transformation service fml
[25Nov2024 15:28:48.202] [main/DEBUG] [cpw.mods.modlauncher.TransformationServiceDecorator/MODLAUNCHER]: Initializing transformation service Dawncraft Fixes
[25Nov2024 15:28:48.202] [main/DEBUG] [cpw.mods.modlauncher.TransformationServiceDecorator/MODLAUNCHER]: Initialized transformation service Dawncraft Fixes
[25Nov2024 15:28:48.202] [main/DEBUG] [cpw.mods.modlauncher.NameMappingServiceHandler/MODLAUNCHER]: Current naming domain is 'srg'
[25Nov2024 15:28:48.203] [main/DEBUG] [cpw.mods.modlauncher.NameMappingServiceHandler/MODLAUNCHER]: Identified name mapping providers {}
[25Nov2024 15:28:48.203] [main/DEBUG] [cpw.mods.modlauncher.TransformationServicesHandler/MODLAUNCHER]: Transformation services begin scanning
[25Nov2024 15:28:48.204] [main/DEBUG] [cpw.mods.modlauncher.TransformationServiceDecorator/MODLAUNCHER]: Beginning scan trigger - transformation service mixin
[25Nov2024 15:28:48.205] [main/DEBUG] [cpw.mods.modlauncher.TransformationServiceDecorator/MODLAUNCHER]: End scan trigger - transformation service mixin
[25Nov2024 15:28:48.205] [main/DEBUG] [cpw.mods.modlauncher.TransformationServiceDecorator/MODLAUNCHER]: Beginning scan trigger - transformation service fml
[25Nov2024 15:28:48.205] [main/DEBUG] [net.minecraftforge.fml.loading.FMLServiceProvider/CORE]: Initiating mod scan
[25Nov2024 15:28:48.220] [main/DEBUG] [net.minecraftforge.fml.loading.moddiscovery.ModListHandler/CORE]: Found mod coordinates from lists: []
[25Nov2024 15:28:48.226] [main/DEBUG] [net.minecraftforge.fml.loading.moddiscovery.ModDiscoverer/CORE]: Found Mod Locators : (dawncraft fixes locator:0.35.0),(mods folder:null),(maven libs:null),(exploded directory:null),(minecraft:null),(userdev classpath:null),(JarInJar:null)
[25Nov2024 15:28:48.557] [main/DEBUG] [net.minecraftforge.fml.loading.moddiscovery.ModFileParser/LOADING]: Considering mod file candidate /META-INF/jarjar/dawncraft-fixes-mod-0.35.0.jar
[25Nov2024 15:28:48.587] [main/DEBUG] [net.minecraftforge.fml.loading.moddiscovery.ModFileInfo/LOADING]: Found valid mod file dawncraft-fixes-mod-0.35.0.jar with {dawncraft_fixes} mods - versions {0.35.0}
[25Nov2024 15:28:48.593] [main/DEBUG] [net.minecraftforge.fml.loading.moddiscovery.ModFileParser/LOADING]: Considering mod file candidate /META-INF/jarjar/mixinextras-forge-0.3.5.jar
[25Nov2024 15:28:48.594] [main/DEBUG] [net.minecraftforge.fml.loading.moddiscovery.ModFileInfo/LOADING]: Found valid mod file mixinextras-forge-0.3.5.jar with {mixinextras} mods - versions {0.3.5}
[25Nov2024 15:28:48.595] [main/DEBUG] [net.minecraftforge.fml.loading.moddiscovery.ModFileParser/LOADING]: Considering mod file candidate /META-INF/jarjar/mixinsquared-forge-0.1.2-beta.5.jar
[25Nov2024 15:28:48.596] [main/DEBUG] [net.minecraftforge.fml.loading.moddiscovery.ModFileInfo/LOADING]: Found valid mod file mixinsquared-forge-0.1.2-beta.5.jar with {mixinsquared} mods - versions {0.1.2-beta.5}
[25Nov2024 15:28:48.604] [main/DEBUG] [net.minecraftforge.fml.loading.moddiscovery.AbstractJarFileDependencyLocator/]: Failed to load resource META-INF/jarjar/metadata.json from MixinExtras-0.3.5.jar, it does not contain dependency information.
[25Nov2024 15:28:48.605] [main/DEBUG] [net.minecraftforge.fml.loading.moddiscovery.AbstractJarFileDependencyLocator/]: Failed to load resource META-INF/jarjar/metadata.json from MixinSquared-0.1.2-beta.5.jar, it does not contain dependency information.
[25Nov2024 15:28:48.647] [main/DEBUG] [net.minecraftforge.fml.loading.moddiscovery.ModFileParser/LOADING]: Considering mod file candidate /META-INF/jarjar/mixinsquared-forge-0.1.2-beta.5.jar
[25Nov2024 15:28:48.648] [main/DEBUG] [net.minecraftforge.fml.loading.moddiscovery.ModFileInfo/LOADING]: Found valid mod file mixinsquared-forge-0.1.2-beta.5.jar with {mixinsquared} mods - versions {0.1.2-beta.5}
[25Nov2024 15:28:48.651] [main/DEBUG] [net.minecraftforge.fml.loading.moddiscovery.ModFileParser/LOADING]: Considering mod file candidate /META-INF/jarjar/dawncraft-fixes-mod-0.35.0.jar
[25Nov2024 15:28:48.652] [main/DEBUG] [net.minecraftforge.fml.loading.moddiscovery.ModFileInfo/LOADING]: Found valid mod file dawncraft-fixes-mod-0.35.0.jar with {dawncraft_fixes} mods - versions {0.35.0}
[25Nov2024 15:28:48.653] [main/DEBUG] [net.minecraftforge.fml.loading.moddiscovery.ModFileParser/LOADING]: Considering mod file candidate /META-INF/jarjar/mixinextras-forge-0.3.5.jar
[25Nov2024 15:28:48.654] [main/DEBUG] [net.minecraftforge.fml.loading.moddiscovery.ModFileInfo/LOADING]: Found valid mod file mixinextras-forge-0.3.5.jar with {mixinextras} mods - versions {0.3.5}
[25Nov2024 15:28:48.656] [main/INFO] [net.minecraftforge.fml.loading.moddiscovery.JarInJarDependencyLocator/]: Found 5 dependencies adding them to mods collection
[25Nov2024 15:28:48.680] [main/DEBUG] [net.minecraftforge.fml.loading.moddiscovery.ModFileParser/LOADING]: Considering mod file candidate /workspaces/server/servidor_minecraft/mods/1.18.2netherskeletons4.8.jar
[25Nov2024 15:28:48.682] [main/DEBUG] [net.minecraftforge.fml.loading.moddiscovery.ModFileInfo/LOADING]: Found valid mod file 1.18.2netherskeletons4.8.jar with {netherskeletons} mods - versions {4.8}
[25Nov2024 15:28:48.683] [main/DEBUG] [net.minecraftforge.fml.loading.moddiscovery.ModFileParser/LOADING]: Considering mod file candidate /workspaces/server/servidor_minecraft/mods/adaptive_performance_tweaks_core_1.18.2-10.2.0.jar
[25Nov2024 15:28:48.685] [main/DEBUG] [net.minecraftforge.fml.loading.moddiscovery.ModFileInfo/LOADING]: Found valid mod file adaptive_performance_tweaks_core_1.18.2-10.2.0.jar with {adaptive_performance_tweaks_core} mods - versions {10.2.0}
[25Nov2024 15:28:48.686] [main/DEBUG] [net.minecraftforge.fml.loading.moddiscovery.ModFileParser/LOADING]: Considering mod file candidate /workspaces/server/servidor_minecraft/mods/adaptive_performance_tweaks_items_1.18.2-10.0.0.jar
[25Nov2024 15:28:48.695] [main/DEBUG] [net.minecraftforge.fml.loading.moddiscovery.ModFileInfo/LOADING]: Found valid mod file adaptive_performance_tweaks_items_1.18.2-10.0.0.jar with {adaptive_performance_tweaks_items} mods - versions {10.0.0}
[25Nov2024 15:28:48.696] [main/DEBUG] [net.minecraftforge.fml.loading.moddiscovery.ModFileParser/LOADING]: Considering mod file candidate /workspaces/server/servidor_minecraft/mods/AdvancementPlaques-1.18.2-1.4.5.1.jar
[25Nov2024 15:28:48.703] [main/DEBUG] [net.minecraftforge.fml.loading.moddiscovery.ModFileInfo/LOADING]: Found valid mod file AdvancementPlaques-1.18.2-1.4.5.1.jar with {advancementplaques} mods - versions {1.4.5.1}
[25Nov2024 15:28:48.705] [main/DEBUG] [net.minecraftforge.fml.loading.moddiscovery.ModFileParser/LOADING]: Considering mod file candidate /workspaces/server/servidor_minecraft/mods/AgeingSpawners-1.18.2-1.2.4.jar
[25Nov2024 15:28:48.707] [main/DEBUG] [net.minecraftforge.fml.loading.moddiscovery.ModFileInfo/LOADING]: Found valid mod file AgeingSpawners-1.18.2-1.2.4.jar with {ageingspawners} mods - versions {1.2.4}
[25Nov2024 15:28:48.709] [main/DEBUG] [net.minecraftforge.fml.loading.moddiscovery.ModFileParser/LOADING]: Considering mod file candidate /workspaces/server/servidor_minecraft/mods/aggrofix-1.18.2.jar
[25Nov2024 15:28:48.714] [main/DEBUG] [net.minecraftforge.fml.loading.moddiscovery.ModFileInfo/LOADING]: Found valid mod file aggrofix-1.18.2.jar with {aggrofix} mods - versions {1.0.2}
[25Nov2024 15:28:48.715] [main/DEBUG] [net.minecraftforge.fml.loading.moddiscovery.ModFileParser/LOADING]: Considering mod file candidate /workspaces/server/servidor_minecraft/mods/AI-Improvements-1.18.2-0.5.2.jar
[25Nov2024 15:28:48.721] [main/DEBUG] [net.minecraftforge.fml.loading.moddiscovery.ModFileInfo/LOADING]: Found valid mod file AI-Improvements-1.18.2-0.5.2.jar with {aiimprovements} mods - versions {0.5.2}
[25Nov2024 15:28:48.722] [main/DEBUG] [net.minecraftforge.fml.loading.moddiscovery.ModFileParser/LOADING]: Considering mod file candidate /workspaces/server/servidor_minecraft/mods/alexsdelight-1.18.2-1.3.3.jar
[25Nov2024 15:28:48.724] [main/DEBUG] [net.minecraftforge.fml.loading.moddiscovery.ModFileInfo/LOADING]: Found valid mod file alexsdelight-1.18.2-1.3.3.jar with {alexsdelight} mods - versions {1.3.3}
[25Nov2024 15:28:48.728] [main/DEBUG] [net.minecraftforge.fml.loading.moddiscovery.ModFileParser/LOADING]: Considering mod file candidate /workspaces/server/servidor_minecraft/mods/alexsmobs-1.18.6.jar
[25Nov2024 15:28:48.729] [main/DEBUG] [net.minecraftforge.fml.loading.moddiscovery.ModFileInfo/LOADING]: Found valid mod file alexsmobs-1.18.6.jar with {alexsmobs} mods - versions {1.18.6}
[25Nov2024 15:28:48.729] [main/DEBUG] [net.minecraftforge.fml.loading.moddiscovery.ModFileParser/LOADING]: Considering mod file candidate /workspaces/server/servidor_minecraft/mods/alternate-current-mc1.18-1.2.1.jar
[25Nov2024 15:28:48.730] [main/DEBUG] [net.minecraftforge.fml.loading.moddiscovery.ModFileInfo/LOADING]: Found valid mod file alternate-current-mc1.18-1.2.1.jar with {alternate_current} mods - versions {0.0NONE}
[25Nov2024 15:28:48.732] [main/DEBUG] [net.minecraftforge.fml.loading.moddiscovery.ModFileParser/LOADING]: Considering mod file candidate /workspaces/server/servidor_minecraft/mods/Apotheosis-1.18.2-5.8.1.jar
[25Nov2024 15:28:48.734] [main/DEBUG] [net.minecraftforge.fml.loading.moddiscovery.ModFileInfo/LOADING]: Found valid mod file Apotheosis-1.18.2-5.8.1.jar with {apotheosis} mods - versions {5.8.1}
[25Nov2024 15:28:48.735] [main/DEBUG] [net.minecraftforge.fml.loading.moddiscovery.ModFileParser/LOADING]: Considering mod file candidate /workspaces/server/servidor_minecraft/mods/aquamirae-5.api10.jar
[25Nov2024 15:28:48.736] [main/DEBUG] [net.minecraftforge.fml.loading.moddiscovery.ModFileInfo/LOADING]: Found valid mod file aquamirae-5.api10.jar with {aquamirae} mods - versions {5.api10}
[25Nov2024 15:28:48.737] [main/DEBUG] [net.minecraftforge.fml.loading.moddiscovery.ModFileParser/LOADING]: Considering mod file candidate /workspaces/server/servidor_minecraft/mods/architectury-4.12.94-forge.jar
[25Nov2024 15:28:48.738] [main/DEBUG] [net.minecraftforge.fml.loading.moddiscovery.ModFileInfo/LOADING]: Found valid mod file architectury-4.12.94-forge.jar with {architectury} mods - versions {4.12.94}
[25Nov2024 15:28:48.738] [main/DEBUG] [net.minecraftforge.fml.loading.moddiscovery.ModFileParser/LOADING]: Considering mod file candidate /workspaces/server/servidor_minecraft/mods/areas-1.18.2-5.2.jar
[25Nov2024 15:28:48.740] [main/DEBUG] [net.minecraftforge.fml.loading.moddiscovery.ModFileInfo/LOADING]: Found valid mod file areas-1.18.2-5.2.jar with {areas} mods - versions {5.2}
[25Nov2024 15:28:48.740] [main/DEBUG] [net.minecraftforge.fml.loading.moddiscovery.ModFileParser/LOADING]: Considering mod file candidate /workspaces/server/servidor_minecraft/mods/armorcurve-3.0.jar
[25Nov2024 15:28:48.741] [main/DEBUG] [net.minecraftforge.fml.loading.moddiscovery.ModFileInfo/LOADING]: Found valid mod file armorcurve-3.0.jar with {armorcurve} mods - versions {3.0}
[25Nov2024 15:28:48.742] [main/DEBUG] [net.minecraftforge.fml.loading.moddiscovery.ModFileParser/LOADING]: Considering mod file candidate /workspaces/server/servidor_minecraft/mods/ArmoreableMobs-forge-1.18.2-1.0.7.jar
[25Nov2024 15:28:48.743] [main/DEBUG] [net.minecraftforge.fml.loading.moddiscovery.ModFileInfo/LOADING]: Found valid mod file ArmoreableMobs-forge-1.18.2-1.0.7.jar with {armoreablemobs} mods - versions {1.0.7}
[25Nov2024 15:28:48.743] [main/DEBUG] [net.minecraftforge.fml.loading.moddiscovery.ModFileParser/LOADING]: Considering mod file candidate /workspaces/server/servidor_minecraft/mods/Ash Of Sin-Custom Anti Trap Cage Entity-1.18.2-1.0.5.jar
[25Nov2024 15:28:48.744] [main/DEBUG] [net.minecraftforge.fml.loading.moddiscovery.ModFileInfo/LOADING]: Found valid mod file Ash Of Sin-Custom Anti Trap Cage Entity-1.18.2-1.0.5.jar with {ash_of_sin_custom_anti_trap_cage_entity} mods - versions {1.0.5}
[25Nov2024 15:28:48.745] [main/DEBUG] [net.minecraftforge.fml.loading.moddiscovery.ModFileParser/LOADING]: Considering mod file candidate /workspaces/server/servidor_minecraft/mods/Ash Of Sin-Custom Entity Anti Effect-1.18.2-1.0.6.jar
[25Nov2024 15:28:48.746] [main/DEBUG] [net.minecraftforge.fml.loading.moddiscovery.ModFileInfo/LOADING]: Found valid mod file Ash Of Sin-Custom Entity Anti Effect-1.18.2-1.0.6.jar with {ash_of_sin_custom_entity_anti_effect} mods - versions {1.0.6}
[25Nov2024 15:28:48.747] [main/DEBUG] [net.minecraftforge.fml.loading.moddiscovery.ModFileParser/LOADING]: Considering mod file candidate /workspaces/server/servidor_minecraft/mods/Ash Of Sin-Soul Like Boss Battle-1.18.2-1.0.9.jar
[25Nov2024 15:28:48.748] [main/DEBUG] [net.minecraftforge.fml.loading.moddiscovery.ModFileInfo/LOADING]: Found valid mod file Ash Of Sin-Soul Like Boss Battle-1.18.2-1.0.9.jar with {ash_of_sin_soul_like_boss_battle} mods - versions {1.0.9}
[25Nov2024 15:28:48.748] [main/DEBUG] [net.minecraftforge.fml.loading.moddiscovery.ModFileParser/LOADING]: Considering mod file candidate /workspaces/server/servidor_minecraft/mods/Atlas-Lib-1.18.2-1.1.8.jar
[25Nov2024 15:28:48.749] [main/DEBUG] [net.minecraftforge.fml.loading.moddiscovery.ModFileInfo/LOADING]: Found valid mod file Atlas-Lib-1.18.2-1.1.8.jar with {atlaslib} mods - versions {1.1.7a}
[25Nov2024 15:28:48.763] [main/DEBUG] [net.minecraftforge.fml.loading.moddiscovery.ModFileParser/LOADING]: Considering mod file candidate /workspaces/server/servidor_minecraft/mods/AttributeFix-Forge-1.18.2-14.0.2.jar
[25Nov2024 15:28:48.764] [main/DEBUG] [net.minecraftforge.fml.loading.moddiscovery.ModFileInfo/LOADING]: Found valid mod file AttributeFix-Forge-1.18.2-14.0.2.jar with {attributefix} mods - versions {14.0.2}
[25Nov2024 15:28:48.765] [main/DEBUG] [net.minecraftforge.fml.loading.moddiscovery.ModFileParser/LOADING]: Considering mod file candidate /workspaces/server/servidor_minecraft/mods/AutoRegLib-1.7-53.jar
[25Nov2024 15:28:48.766] [main/DEBUG] [net.minecraftforge.fml.loading.moddiscovery.ModFileInfo/LOADING]: Found valid mod file AutoRegLib-1.7-53.jar with {autoreglib} mods - versions {1.7-53}
[25Nov2024 15:28:48.766] [main/DEBUG] [net.minecraftforge.fml.loading.moddiscovery.ModFileParser/LOADING]: Considering mod file candidate /workspaces/server/servidor_minecraft/mods/awesomedungeonnether-forge-1.18.2-3.0.0.jar
[25Nov2024 15:28:48.768] [main/DEBUG] [net.minecraftforge.fml.loading.moddiscovery.ModFileInfo/LOADING]: Found valid mod file awesomedungeonnether-forge-1.18.2-3.0.0.jar with {awesomedungeonnether} mods - versions {3.0.0}
[25Nov2024 15:28:48.768] [main/DEBUG] [net.minecraftforge.fml.loading.moddiscovery.ModFileParser/LOADING]: Considering mod file candidate /workspaces/server/servidor_minecraft/mods/BadMobs-1.18.2-13.01.jar
[25Nov2024 15:28:48.769] [main/DEBUG] [net.minecraftforge.fml.loading.moddiscovery.ModFileInfo/LOADING]: Found valid mod file BadMobs-1.18.2-13.01.jar with {badmobs} mods - versions {13.01}
[25Nov2024 15:28:48.770] [main/DEBUG] [net.minecraftforge.fml.loading.moddiscovery.ModFileParser/LOADING]: Considering mod file candidate /workspaces/server/servidor_minecraft/mods/balm-3.2.6.jar
[25Nov2024 15:28:48.771] [main/DEBUG] [net.minecraftforge.fml.loading.moddiscovery.ModFileInfo/LOADING]: Found valid mod file balm-3.2.6.jar with {balm} mods - versions {3.2.6}
[25Nov2024 15:28:48.771] [main/DEBUG] [net.minecraftforge.fml.loading.moddiscovery.ModFileParser/LOADING]: Considering mod file candidate /workspaces/server/servidor_minecraft/mods/BetterCompatibilityChecker-1.1.21-build.48+mc1.18.2.jar
[25Nov2024 15:28:48.772] [main/DEBUG] [net.minecraftforge.fml.loading.moddiscovery.ModFileInfo/LOADING]: Found valid mod file BetterCompatibilityChecker-1.1.21-build.48+mc1.18.2.jar with {bcc} mods - versions {1.1.21-build.48+mc1.18.2}
[25Nov2024 15:28:48.773] [main/DEBUG] [net.minecraftforge.fml.loading.moddiscovery.ModFileParser/LOADING]: Considering mod file candidate /workspaces/server/servidor_minecraft/mods/betterfpsdist-1.18.2-1.5.jar
[25Nov2024 15:28:48.773] [main/DEBUG] [net.minecraftforge.fml.loading.moddiscovery.ModFileInfo/LOADING]: Found valid mod file betterfpsdist-1.18.2-1.5.jar with {betterfpsdist} mods - versions {1.18.2-1.5}
[25Nov2024 15:28:48.774] [main/DEBUG] [net.minecraftforge.fml.loading.moddiscovery.ModFileParser/LOADING]: Considering mod file candidate /workspaces/server/servidor_minecraft/mods/bettergolem-1.18.2-1.1.0.jar
[25Nov2024 15:28:48.775] [main/DEBUG] [net.minecraftforge.fml.loading.moddiscovery.ModFileInfo/LOADING]: Found valid mod file bettergolem-1.18.2-1.1.0.jar with {bettergolem} mods - versions {1.18.2-1.1.0}
[25Nov2024 15:28:48.776] [main/DEBUG] [net.minecraftforge.fml.loading.moddiscovery.ModFileParser/LOADING]: Considering mod file candidate /workspaces/server/servidor_minecraft/mods/betterstats-2.2.2+1.18.2.jar
[25Nov2024 15:28:48.778] [main/DEBUG] [net.minecraftforge.fml.loading.moddiscovery.ModFileInfo/LOADING]: Found valid mod file betterstats-2.2.2+1.18.2.jar with {betterstats} mods - versions {2.2.2+1.18.2}
[25Nov2024 15:28:48.778] [main/DEBUG] [net.minecraftforge.fml.loading.moddiscovery.ModFileParser/LOADING]: Considering mod file candidate /workspaces/server/servidor_minecraft/mods/bettervillage-forge-1.18.2-2.0.0.jar
[25Nov2024 15:28:48.779] [main/DEBUG] [net.minecraftforge.fml.loading.moddiscovery.ModFileInfo/LOADING]: Found valid mod file bettervillage-forge-1.18.2-2.0.0.jar with {bettervillage} mods - versions {2.0.0}
[25Nov2024 15:28:48.782] [main/DEBUG] [net.minecraftforge.fml.loading.moddiscovery.ModFileParser/LOADING]: Considering mod file candidate /workspaces/server/servidor_minecraft/mods/biomemakeover-FORGE-1.18.2-1.4.32.jar
[25Nov2024 15:28:48.783] [main/DEBUG] [net.minecraftforge.fml.loading.moddiscovery.ModFileInfo/LOADING]: Found valid mod file biomemakeover-FORGE-1.18.2-1.4.32.jar with {biomemakeover} mods - versions {1.18.2-1.4.32}
[25Nov2024 15:28:48.785] [main/DEBUG] [net.minecraftforge.fml.loading.moddiscovery.ModFileParser/LOADING]: Considering mod file candidate /workspaces/server/servidor_minecraft/mods/BloodAndMadness-Forge1.18.2-v2.1.4.jar
[25Nov2024 15:28:48.788] [main/DEBUG] [net.minecraftforge.fml.loading.moddiscovery.ModFileInfo/LOADING]: Found valid mod file BloodAndMadness-Forge1.18.2-v2.1.4.jar with {bloodandmadness} mods - versions {2.0}
