[25Nov2024 15:28:44.990] [main/INFO] [cpw.mods.modlauncher.Launcher/MODLAUNCHER]: ModLauncher running: args [--launchTarget, forgeserver, --fml.forgeVersion, 40.2.0, --fml.mcVersion, 1.18.2, --fml.forgeGroup, net.minecraftforge, --fml.mcpVersion, 20220404.173914]
[25Nov2024 15:28:44.994] [main/INFO] [cpw.mods.modlauncher.Launcher/MODLAUNCHER]: ModLauncher 9.1.3+9.1.3+main.9b69c82a starting: java version 21.0.4 by Microsoft
[25Nov2024 15:28:45.267] [main/ERROR] [net.minecraftforge.fml.loading.ModDirTransformerDiscoverer/]: Zip Error when loading jar file /workspaces/server/servidor_minecraft/mods/blue_skies-1.18.2-1.3.12.jar
java.util.zip.ZipException: zip END header not found
	at java.util.zip.ZipFile$Source.findEND(ZipFile.java:1649) ~[?:?]
	at java.util.zip.ZipFile$Source.initCEN(ZipFile.java:1657) ~[?:?]
	at java.util.zip.ZipFile$Source.<init>(ZipFile.java:1495) ~[?:?]
	at java.util.zip.ZipFile$Source.get(ZipFile.java:1458) ~[?:?]
	at java.util.zip.ZipFile$CleanableResource.<init>(ZipFile.java:724) ~[?:?]
	at java.util.zip.ZipFile.<init>(ZipFile.java:251) ~[?:?]
	at java.util.zip.ZipFile.<init>(ZipFile.java:180) ~[?:?]
	at java.util.zip.ZipFile.<init>(ZipFile.java:194) ~[?:?]
	at net.minecraftforge.fml.loading.ModDirTransformerDiscoverer.visitFile(ModDirTransformerDiscoverer.java:51) ~[fmlloader-1.18.2-40.2.0.jar%2317!/:1.0]
	at java.util.stream.ForEachOps$ForEachOp$OfRef.accept(ForEachOps.java:184) ~[?:?]
	at java.util.stream.ReferencePipeline$3$1.accept(ReferencePipeline.java:197) ~[?:?]
	at java.util.Iterator.forEachRemaining(Iterator.java:133) ~[?:?]
	at java.util.Spliterators$IteratorSpliterator.forEachRemaining(Spliterators.java:1939) ~[?:?]
	at java.util.stream.AbstractPipeline.copyInto(AbstractPipeline.java:509) ~[?:?]
	at java.util.stream.AbstractPipeline.wrapAndCopyInto(AbstractPipeline.java:499) ~[?:?]
	at java.util.stream.ForEachOps$ForEachOp.evaluateSequential(ForEachOps.java:151) ~[?:?]
	at java.util.stream.ForEachOps$ForEachOp$OfRef.evaluateSequential(ForEachOps.java:174) ~[?:?]
	at java.util.stream.AbstractPipeline.evaluate(AbstractPipeline.java:234) ~[?:?]
	at java.util.stream.ReferencePipeline.forEach(ReferencePipeline.java:596) ~[?:?]
	at net.minecraftforge.fml.loading.ModDirTransformerDiscoverer.scan(ModDirTransformerDiscoverer.java:41) ~[fmlloader-1.18.2-40.2.0.jar%2317!/:1.0]
	at net.minecraftforge.fml.loading.ModDirTransformerDiscoverer.candidates(ModDirTransformerDiscoverer.java:24) ~[fmlloader-1.18.2-40.2.0.jar%2317!/:1.0]
	at cpw.mods.modlauncher.serviceapi.ITransformerDiscoveryService.candidates(ITransformerDiscoveryService.java:48) ~[modlauncher-9.1.3.jar%235!/:9.1.3+9.1.3+main.9b69c82a]
	at cpw.mods.modlauncher.TransformationServicesHandler.lambda$discoverServices$14(TransformationServicesHandler.java:123) ~[modlauncher-9.1.3.jar%235!/:?]
	at java.util.stream.ReferencePipeline$3$1.accept(ReferencePipeline.java:197) [?:?]
	at java.util.stream.ReferencePipeline$2$1.accept(ReferencePipeline.java:179) [?:?]
	at java.util.stream.ReferencePipeline$3$1.accept(ReferencePipeline.java:197) [?:?]
	at java.util.ServiceLoader$ProviderSpliterator.tryAdvance(ServiceLoader.java:1499) [?:?]
	at java.util.Spliterator.forEachRemaining(Spliterator.java:332) [?:?]
	at java.util.stream.AbstractPipeline.copyInto(AbstractPipeline.java:509) [?:?]
	at java.util.stream.AbstractPipeline.wrapAndCopyInto(AbstractPipeline.java:499) [?:?]
	at java.util.stream.AbstractPipeline.evaluate(AbstractPipeline.java:575) [?:?]
	at java.util.stream.AbstractPipeline.evaluateToArrayNode(AbstractPipeline.java:260) [?:?]
	at java.util.stream.ReferencePipeline.toArray(ReferencePipeline.java:616) [?:?]
	at java.util.stream.ReferencePipeline.toArray(ReferencePipeline.java:622) [?:?]
	at java.util.stream.ReferencePipeline.toList(ReferencePipeline.java:627) [?:?]
	at cpw.mods.modlauncher.TransformationServicesHandler.discoverServices(TransformationServicesHandler.java:125) [modlauncher-9.1.3.jar%235!/:?]
	at cpw.mods.modlauncher.Launcher.run(Launcher.java:86) [modlauncher-9.1.3.jar%235!/:?]
	at cpw.mods.modlauncher.Launcher.main(Launcher.java:77) [modlauncher-9.1.3.jar%235!/:?]
	at cpw.mods.modlauncher.BootstrapLaunchConsumer.accept(BootstrapLaunchConsumer.java:26) [modlauncher-9.1.3.jar%235!/:?]
	at cpw.mods.modlauncher.BootstrapLaunchConsumer.accept(BootstrapLaunchConsumer.java:23) [modlauncher-9.1.3.jar%235!/:?]
	at cpw.mods.bootstraplauncher.BootstrapLauncher.main(BootstrapLauncher.java:149) [bootstraplauncher-1.0.0.jar:?]
[25Nov2024 15:28:47.352] [main/ERROR] [net.minecraftforge.fml.loading.ModDirTransformerDiscoverer/]: Zip Error when loading jar file /workspaces/server/servidor_minecraft/mods/dannys_expansion-1.2.6.jar
java.util.zip.ZipException: zip END header not found
	at java.util.zip.ZipFile$Source.findEND(ZipFile.java:1649) ~[?:?]
	at java.util.zip.ZipFile$Source.initCEN(ZipFile.java:1657) ~[?:?]
	at java.util.zip.ZipFile$Source.<init>(ZipFile.java:1495) ~[?:?]
	at java.util.zip.ZipFile$Source.get(ZipFile.java:1458) ~[?:?]
	at java.util.zip.ZipFile$CleanableResource.<init>(ZipFile.java:724) ~[?:?]
	at java.util.zip.ZipFile.<init>(ZipFile.java:251) ~[?:?]
	at java.util.zip.ZipFile.<init>(ZipFile.java:180) ~[?:?]
	at java.util.zip.ZipFile.<init>(ZipFile.java:194) ~[?:?]
	at net.minecraftforge.fml.loading.ModDirTransformerDiscoverer.visitFile(ModDirTransformerDiscoverer.java:51) ~[fmlloader-1.18.2-40.2.0.jar%2317!/:1.0]
	at java.util.stream.ForEachOps$ForEachOp$OfRef.accept(ForEachOps.java:184) ~[?:?]
	at java.util.stream.ReferencePipeline$3$1.accept(ReferencePipeline.java:197) ~[?:?]
	at java.util.Iterator.forEachRemaining(Iterator.java:133) ~[?:?]
	at java.util.Spliterators$IteratorSpliterator.forEachRemaining(Spliterators.java:1939) ~[?:?]
	at java.util.stream.AbstractPipeline.copyInto(AbstractPipeline.java:509) ~[?:?]
	at java.util.stream.AbstractPipeline.wrapAndCopyInto(AbstractPipeline.java:499) ~[?:?]
	at java.util.stream.ForEachOps$ForEachOp.evaluateSequential(ForEachOps.java:151) ~[?:?]
	at java.util.stream.ForEachOps$ForEachOp$OfRef.evaluateSequential(ForEachOps.java:174) ~[?:?]
	at java.util.stream.AbstractPipeline.evaluate(AbstractPipeline.java:234) ~[?:?]
	at java.util.stream.ReferencePipeline.forEach(ReferencePipeline.java:596) ~[?:?]
	at net.minecraftforge.fml.loading.ModDirTransformerDiscoverer.scan(ModDirTransformerDiscoverer.java:41) ~[fmlloader-1.18.2-40.2.0.jar%2317!/:1.0]
	at net.minecraftforge.fml.loading.ModDirTransformerDiscoverer.candidates(ModDirTransformerDiscoverer.java:24) ~[fmlloader-1.18.2-40.2.0.jar%2317!/:1.0]
	at cpw.mods.modlauncher.serviceapi.ITransformerDiscoveryService.candidates(ITransformerDiscoveryService.java:48) ~[modlauncher-9.1.3.jar%235!/:9.1.3+9.1.3+main.9b69c82a]
	at cpw.mods.modlauncher.TransformationServicesHandler.lambda$discoverServices$14(TransformationServicesHandler.java:123) ~[modlauncher-9.1.3.jar%235!/:?]
	at java.util.stream.ReferencePipeline$3$1.accept(ReferencePipeline.java:197) [?:?]
	at java.util.stream.ReferencePipeline$2$1.accept(ReferencePipeline.java:179) [?:?]
	at java.util.stream.ReferencePipeline$3$1.accept(ReferencePipeline.java:197) [?:?]
	at java.util.ServiceLoader$ProviderSpliterator.tryAdvance(ServiceLoader.java:1499) [?:?]
	at java.util.Spliterator.forEachRemaining(Spliterator.java:332) [?:?]
	at java.util.stream.AbstractPipeline.copyInto(AbstractPipeline.java:509) [?:?]
	at java.util.stream.AbstractPipeline.wrapAndCopyInto(AbstractPipeline.java:499) [?:?]
	at java.util.stream.AbstractPipeline.evaluate(AbstractPipeline.java:575) [?:?]
	at java.util.stream.AbstractPipeline.evaluateToArrayNode(AbstractPipeline.java:260) [?:?]
	at java.util.stream.ReferencePipeline.toArray(ReferencePipeline.java:616) [?:?]
	at java.util.stream.ReferencePipeline.toArray(ReferencePipeline.java:622) [?:?]
	at java.util.stream.ReferencePipeline.toList(ReferencePipeline.java:627) [?:?]
	at cpw.mods.modlauncher.TransformationServicesHandler.discoverServices(TransformationServicesHandler.java:125) [modlauncher-9.1.3.jar%235!/:?]
	at cpw.mods.modlauncher.Launcher.run(Launcher.java:86) [modlauncher-9.1.3.jar%235!/:?]
	at cpw.mods.modlauncher.Launcher.main(Launcher.java:77) [modlauncher-9.1.3.jar%235!/:?]
	at cpw.mods.modlauncher.BootstrapLaunchConsumer.accept(BootstrapLaunchConsumer.java:26) [modlauncher-9.1.3.jar%235!/:?]
	at cpw.mods.modlauncher.BootstrapLaunchConsumer.accept(BootstrapLaunchConsumer.java:23) [modlauncher-9.1.3.jar%235!/:?]
	at cpw.mods.bootstraplauncher.BootstrapLauncher.main(BootstrapLauncher.java:149) [bootstraplauncher-1.0.0.jar:?]
[25Nov2024 15:28:47.982] [main/ERROR] [net.minecraftforge.fml.loading.ModDirTransformerDiscoverer/]: Zip Error when loading jar file /workspaces/server/servidor_minecraft/mods/BrassAmberBattleTowers-1.18.2-2.3.12.jar
java.util.zip.ZipException: zip END header not found
	at java.util.zip.ZipFile$Source.findEND(ZipFile.java:1649) ~[?:?]
	at java.util.zip.ZipFile$Source.initCEN(ZipFile.java:1657) ~[?:?]
	at java.util.zip.ZipFile$Source.<init>(ZipFile.java:1495) ~[?:?]
	at java.util.zip.ZipFile$Source.get(ZipFile.java:1458) ~[?:?]
	at java.util.zip.ZipFile$CleanableResource.<init>(ZipFile.java:724) ~[?:?]
	at java.util.zip.ZipFile.<init>(ZipFile.java:251) ~[?:?]
	at java.util.zip.ZipFile.<init>(ZipFile.java:180) ~[?:?]
	at java.util.zip.ZipFile.<init>(ZipFile.java:194) ~[?:?]
	at net.minecraftforge.fml.loading.ModDirTransformerDiscoverer.visitFile(ModDirTransformerDiscoverer.java:51) ~[fmlloader-1.18.2-40.2.0.jar%2317!/:1.0]
	at java.util.stream.ForEachOps$ForEachOp$OfRef.accept(ForEachOps.java:184) ~[?:?]
	at java.util.stream.ReferencePipeline$3$1.accept(ReferencePipeline.java:197) ~[?:?]
	at java.util.Iterator.forEachRemaining(Iterator.java:133) ~[?:?]
	at java.util.Spliterators$IteratorSpliterator.forEachRemaining(Spliterators.java:1939) ~[?:?]
	at java.util.stream.AbstractPipeline.copyInto(AbstractPipeline.java:509) ~[?:?]
	at java.util.stream.AbstractPipeline.wrapAndCopyInto(AbstractPipeline.java:499) ~[?:?]
	at java.util.stream.ForEachOps$ForEachOp.evaluateSequential(ForEachOps.java:151) ~[?:?]
	at java.util.stream.ForEachOps$ForEachOp$OfRef.evaluateSequential(ForEachOps.java:174) ~[?:?]
	at java.util.stream.AbstractPipeline.evaluate(AbstractPipeline.java:234) ~[?:?]
	at java.util.stream.ReferencePipeline.forEach(ReferencePipeline.java:596) ~[?:?]
	at net.minecraftforge.fml.loading.ModDirTransformerDiscoverer.scan(ModDirTransformerDiscoverer.java:41) ~[fmlloader-1.18.2-40.2.0.jar%2317!/:1.0]
	at net.minecraftforge.fml.loading.ModDirTransformerDiscoverer.candidates(ModDirTransformerDiscoverer.java:24) ~[fmlloader-1.18.2-40.2.0.jar%2317!/:1.0]
	at cpw.mods.modlauncher.serviceapi.ITransformerDiscoveryService.candidates(ITransformerDiscoveryService.java:48) ~[modlauncher-9.1.3.jar%235!/:9.1.3+9.1.3+main.9b69c82a]
	at cpw.mods.modlauncher.TransformationServicesHandler.lambda$discoverServices$14(TransformationServicesHandler.java:123) ~[modlauncher-9.1.3.jar%235!/:?]
	at java.util.stream.ReferencePipeline$3$1.accept(ReferencePipeline.java:197) [?:?]
	at java.util.stream.ReferencePipeline$2$1.accept(ReferencePipeline.java:179) [?:?]
	at java.util.stream.ReferencePipeline$3$1.accept(ReferencePipeline.java:197) [?:?]
	at java.util.ServiceLoader$ProviderSpliterator.tryAdvance(ServiceLoader.java:1499) [?:?]
	at java.util.Spliterator.forEachRemaining(Spliterator.java:332) [?:?]
	at java.util.stream.AbstractPipeline.copyInto(AbstractPipeline.java:509) [?:?]
	at java.util.stream.AbstractPipeline.wrapAndCopyInto(AbstractPipeline.java:499) [?:?]
	at java.util.stream.AbstractPipeline.evaluate(AbstractPipeline.java:575) [?:?]
	at java.util.stream.AbstractPipeline.evaluateToArrayNode(AbstractPipeline.java:260) [?:?]
	at java.util.stream.ReferencePipeline.toArray(ReferencePipeline.java:616) [?:?]
	at java.util.stream.ReferencePipeline.toArray(ReferencePipeline.java:622) [?:?]
	at java.util.stream.ReferencePipeline.toList(ReferencePipeline.java:627) [?:?]
	at cpw.mods.modlauncher.TransformationServicesHandler.discoverServices(TransformationServicesHandler.java:125) [modlauncher-9.1.3.jar%235!/:?]
	at cpw.mods.modlauncher.Launcher.run(Launcher.java:86) [modlauncher-9.1.3.jar%235!/:?]
	at cpw.mods.modlauncher.Launcher.main(Launcher.java:77) [modlauncher-9.1.3.jar%235!/:?]
	at cpw.mods.modlauncher.BootstrapLaunchConsumer.accept(BootstrapLaunchConsumer.java:26) [modlauncher-9.1.3.jar%235!/:?]
	at cpw.mods.modlauncher.BootstrapLaunchConsumer.accept(BootstrapLaunchConsumer.java:23) [modlauncher-9.1.3.jar%235!/:?]
	at cpw.mods.bootstraplauncher.BootstrapLauncher.main(BootstrapLauncher.java:149) [bootstraplauncher-1.0.0.jar:?]
[25Nov2024 15:28:48.110] [main/INFO] [mixin/]: SpongePowered MIXIN Subsystem Version=0.8.5 Source=union:/workspaces/server/servidor_minecraft/libraries/org/spongepowered/mixin/0.8.5/mixin-0.8.5.jar%2314!/ Service=ModLauncher Env=SERVER
[25Nov2024 15:28:48.159] [main/WARN] [net.minecraftforge.fml.loading.FMLConfig/CORE]: Configuration file /workspaces/server/servidor_minecraft/config/fml.toml is not correct. Correcting
[25Nov2024 15:28:48.165] [main/WARN] [net.minecraftforge.fml.loading.FMLConfig/CORE]: Incorrect key [defaultConfigPath] was corrected from null to defaultconfigs
[25Nov2024 15:28:48.167] [main/WARN] [net.minecraftforge.fml.loading.FMLConfig/CORE]: Incorrect key [maxThreads] was corrected from null to -1
[25Nov2024 15:28:48.656] [main/INFO] [net.minecraftforge.fml.loading.moddiscovery.JarInJarDependencyLocator/]: Found 5 dependencies adding them to mods collection
